::1 - - [Wed, 15 Jun 2016 07:31:03 GMT] "GET / HTTP/1.1" 200 2009 "-" "Mozilla/5.0 (Windows NT 6.1; WOW64) AppleWebKit/537.36 (KHTML, like Gecko) Chrome/51.0.2704.84 Safari/537.36"
::1 - - [Wed, 15 Jun 2016 07:31:03 GMT] "GET /stylesheets/style.css HTTP/1.1" 200 1840 "http://localhost:3000/" "Mozilla/5.0 (Windows NT 6.1; WOW64) AppleWebKit/537.36 (KHTML, like Gecko) Chrome/51.0.2704.84 Safari/537.36"
::1 - - [Wed, 15 Jun 2016 07:31:04 GMT] "GET /u/4444/2016-6-15/444 HTTP/1.1" 200 1783 "http://localhost:3000/" "Mozilla/5.0 (Windows NT 6.1; WOW64) AppleWebKit/537.36 (KHTML, like Gecko) Chrome/51.0.2704.84 Safari/537.36"
::1 - - [Wed, 15 Jun 2016 07:31:05 GMT] "GET /stylesheets/style.css HTTP/1.1" 200 1840 "http://localhost:3000/u/4444/2016-6-15/444" "Mozilla/5.0 (Windows NT 6.1; WOW64) AppleWebKit/537.36 (KHTML, like Gecko) Chrome/51.0.2704.84 Safari/537.36"
::1 - - [Wed, 15 Jun 2016 07:31:05 GMT] "GET /favicon.ico HTTP/1.1" 200 264 "http://localhost:3000/u/4444/2016-6-15/444" "Mozilla/5.0 (Windows NT 6.1; WOW64) AppleWebKit/537.36 (KHTML, like Gecko) Chrome/51.0.2704.84 Safari/537.36"
::1 - - [Wed, 15 Jun 2016 07:31:06 GMT] "GET /tags/44 HTTP/1.1" 200 998 "http://localhost:3000/u/4444/2016-6-15/444" "Mozilla/5.0 (Windows NT 6.1; WOW64) AppleWebKit/537.36 (KHTML, like Gecko) Chrome/51.0.2704.84 Safari/537.36"
::1 - - [Wed, 15 Jun 2016 07:31:06 GMT] "GET /stylesheets/style.css HTTP/1.1" 200 1840 "http://localhost:3000/tags/44" "Mozilla/5.0 (Windows NT 6.1; WOW64) AppleWebKit/537.36 (KHTML, like Gecko) Chrome/51.0.2704.84 Safari/537.36"
::1 - - [Wed, 15 Jun 2016 07:31:06 GMT] "GET /favicon.ico HTTP/1.1" 200 264 "http://localhost:3000/tags/44" "Mozilla/5.0 (Windows NT 6.1; WOW64) AppleWebKit/537.36 (KHTML, like Gecko) Chrome/51.0.2704.84 Safari/537.36"
::1 - - [Wed, 15 Jun 2016 07:31:07 GMT] "GET /u/4444/2016-6-15/444 HTTP/1.1" 200 1783 "http://localhost:3000/tags/44" "Mozilla/5.0 (Windows NT 6.1; WOW64) AppleWebKit/537.36 (KHTML, like Gecko) Chrome/51.0.2704.84 Safari/537.36"
::1 - - [Wed, 15 Jun 2016 07:31:07 GMT] "GET /stylesheets/style.css HTTP/1.1" 200 1840 "http://localhost:3000/u/4444/2016-6-15/444" "Mozilla/5.0 (Windows NT 6.1; WOW64) AppleWebKit/537.36 (KHTML, like Gecko) Chrome/51.0.2704.84 Safari/537.36"
::1 - - [Wed, 15 Jun 2016 07:31:07 GMT] "GET /favicon.ico HTTP/1.1" 200 264 "http://localhost:3000/u/4444/2016-6-15/444" "Mozilla/5.0 (Windows NT 6.1; WOW64) AppleWebKit/537.36 (KHTML, like Gecko) Chrome/51.0.2704.84 Safari/537.36"
::1 - - [Wed, 15 Jun 2016 07:31:08 GMT] "GET /tags/44 HTTP/1.1" 200 998 "http://localhost:3000/u/4444/2016-6-15/444" "Mozilla/5.0 (Windows NT 6.1; WOW64) AppleWebKit/537.36 (KHTML, like Gecko) Chrome/51.0.2704.84 Safari/537.36"
::1 - - [Wed, 15 Jun 2016 07:31:08 GMT] "GET /stylesheets/style.css HTTP/1.1" 200 1840 "http://localhost:3000/tags/44" "Mozilla/5.0 (Windows NT 6.1; WOW64) AppleWebKit/537.36 (KHTML, like Gecko) Chrome/51.0.2704.84 Safari/537.36"
::1 - - [Wed, 15 Jun 2016 07:31:08 GMT] "GET /favicon.ico HTTP/1.1" 200 264 "http://localhost:3000/tags/44" "Mozilla/5.0 (Windows NT 6.1; WOW64) AppleWebKit/537.36 (KHTML, like Gecko) Chrome/51.0.2704.84 Safari/537.36"
::1 - - [Wed, 15 Jun 2016 07:31:08 GMT] "GET /u/4444/2016-6-15/444 HTTP/1.1" 200 1783 "http://localhost:3000/tags/44" "Mozilla/5.0 (Windows NT 6.1; WOW64) AppleWebKit/537.36 (KHTML, like Gecko) Chrome/51.0.2704.84 Safari/537.36"
::1 - - [Wed, 15 Jun 2016 07:31:08 GMT] "GET /stylesheets/style.css HTTP/1.1" 200 1840 "http://localhost:3000/u/4444/2016-6-15/444" "Mozilla/5.0 (Windows NT 6.1; WOW64) AppleWebKit/537.36 (KHTML, like Gecko) Chrome/51.0.2704.84 Safari/537.36"
::1 - - [Wed, 15 Jun 2016 07:31:08 GMT] "GET /favicon.ico HTTP/1.1" 200 264 "http://localhost:3000/u/4444/2016-6-15/444" "Mozilla/5.0 (Windows NT 6.1; WOW64) AppleWebKit/537.36 (KHTML, like Gecko) Chrome/51.0.2704.84 Safari/537.36"
::1 - - [Wed, 15 Jun 2016 07:31:09 GMT] "GET / HTTP/1.1" 200 2009 "http://localhost:3000/u/4444/2016-6-15/444" "Mozilla/5.0 (Windows NT 6.1; WOW64) AppleWebKit/537.36 (KHTML, like Gecko) Chrome/51.0.2704.84 Safari/537.36"
::1 - - [Wed, 15 Jun 2016 07:31:09 GMT] "GET /stylesheets/style.css HTTP/1.1" 200 1840 "http://localhost:3000/" "Mozilla/5.0 (Windows NT 6.1; WOW64) AppleWebKit/537.36 (KHTML, like Gecko) Chrome/51.0.2704.84 Safari/537.36"
::1 - - [Wed, 15 Jun 2016 07:31:11 GMT] "GET /u/4444/2016-6-15/123 HTTP/1.1" 200 1843 "http://localhost:3000/" "Mozilla/5.0 (Windows NT 6.1; WOW64) AppleWebKit/537.36 (KHTML, like Gecko) Chrome/51.0.2704.84 Safari/537.36"
::1 - - [Wed, 15 Jun 2016 07:31:11 GMT] "GET /stylesheets/style.css HTTP/1.1" 200 1840 "http://localhost:3000/u/4444/2016-6-15/123" "Mozilla/5.0 (Windows NT 6.1; WOW64) AppleWebKit/537.36 (KHTML, like Gecko) Chrome/51.0.2704.84 Safari/537.36"
::1 - - [Wed, 15 Jun 2016 07:31:11 GMT] "GET /favicon.ico HTTP/1.1" 200 264 "http://localhost:3000/u/4444/2016-6-15/123" "Mozilla/5.0 (Windows NT 6.1; WOW64) AppleWebKit/537.36 (KHTML, like Gecko) Chrome/51.0.2704.84 Safari/537.36"
::1 - - [Wed, 15 Jun 2016 07:31:13 GMT] "POST /u/4444/2016-6-15/123 HTTP/1.1" 302 128 "http://localhost:3000/u/4444/2016-6-15/123" "Mozilla/5.0 (Windows NT 6.1; WOW64) AppleWebKit/537.36 (KHTML, like Gecko) Chrome/51.0.2704.84 Safari/537.36"
::1 - - [Wed, 15 Jun 2016 07:31:13 GMT] "GET /u/4444/2016-6-15/123 HTTP/1.1" 200 2094 "http://localhost:3000/u/4444/2016-6-15/123" "Mozilla/5.0 (Windows NT 6.1; WOW64) AppleWebKit/537.36 (KHTML, like Gecko) Chrome/51.0.2704.84 Safari/537.36"
::1 - - [Wed, 15 Jun 2016 07:31:13 GMT] "GET /stylesheets/style.css HTTP/1.1" 200 1840 "http://localhost:3000/u/4444/2016-6-15/123" "Mozilla/5.0 (Windows NT 6.1; WOW64) AppleWebKit/537.36 (KHTML, like Gecko) Chrome/51.0.2704.84 Safari/537.36"
::1 - - [Wed, 15 Jun 2016 07:31:16 GMT] "GET /upload HTTP/1.1" 200 1154 "http://localhost:3000/u/4444/2016-6-15/123" "Mozilla/5.0 (Windows NT 6.1; WOW64) AppleWebKit/537.36 (KHTML, like Gecko) Chrome/51.0.2704.84 Safari/537.36"
::1 - - [Wed, 15 Jun 2016 07:31:16 GMT] "GET /stylesheets/style.css HTTP/1.1" 200 1840 "http://localhost:3000/upload" "Mozilla/5.0 (Windows NT 6.1; WOW64) AppleWebKit/537.36 (KHTML, like Gecko) Chrome/51.0.2704.84 Safari/537.36"
::1 - - [Wed, 15 Jun 2016 07:31:17 GMT] "GET /favicon.ico HTTP/1.1" 200 264 "http://localhost:3000/upload" "Mozilla/5.0 (Windows NT 6.1; WOW64) AppleWebKit/537.36 (KHTML, like Gecko) Chrome/51.0.2704.84 Safari/537.36"
::1 - - [Wed, 15 Jun 2016 07:31:17 GMT] "GET /upload HTTP/1.1" 200 1154 "http://localhost:3000/upload" "Mozilla/5.0 (Windows NT 6.1; WOW64) AppleWebKit/537.36 (KHTML, like Gecko) Chrome/51.0.2704.84 Safari/537.36"
::1 - - [Wed, 15 Jun 2016 07:31:17 GMT] "GET /stylesheets/style.css HTTP/1.1" 200 1840 "http://localhost:3000/upload" "Mozilla/5.0 (Windows NT 6.1; WOW64) AppleWebKit/537.36 (KHTML, like Gecko) Chrome/51.0.2704.84 Safari/537.36"
::1 - - [Wed, 15 Jun 2016 07:31:17 GMT] "GET /favicon.ico HTTP/1.1" 200 264 "http://localhost:3000/upload" "Mozilla/5.0 (Windows NT 6.1; WOW64) AppleWebKit/537.36 (KHTML, like Gecko) Chrome/51.0.2704.84 Safari/537.36"
::1 - - [Wed, 15 Jun 2016 07:31:18 GMT] "GET /archive HTTP/1.1" 200 1102 "http://localhost:3000/upload" "Mozilla/5.0 (Windows NT 6.1; WOW64) AppleWebKit/537.36 (KHTML, like Gecko) Chrome/51.0.2704.84 Safari/537.36"
::1 - - [Wed, 15 Jun 2016 07:31:18 GMT] "GET /stylesheets/style.css HTTP/1.1" 200 1840 "http://localhost:3000/archive" "Mozilla/5.0 (Windows NT 6.1; WOW64) AppleWebKit/537.36 (KHTML, like Gecko) Chrome/51.0.2704.84 Safari/537.36"
::1 - - [Wed, 15 Jun 2016 07:31:18 GMT] "GET /favicon.ico HTTP/1.1" 200 264 "http://localhost:3000/archive" "Mozilla/5.0 (Windows NT 6.1; WOW64) AppleWebKit/537.36 (KHTML, like Gecko) Chrome/51.0.2704.84 Safari/537.36"
::1 - - [Wed, 15 Jun 2016 07:31:18 GMT] "GET /tags HTTP/1.1" 200 1021 "http://localhost:3000/archive" "Mozilla/5.0 (Windows NT 6.1; WOW64) AppleWebKit/537.36 (KHTML, like Gecko) Chrome/51.0.2704.84 Safari/537.36"
::1 - - [Wed, 15 Jun 2016 07:31:18 GMT] "GET /stylesheets/style.css HTTP/1.1" 200 1840 "http://localhost:3000/tags" "Mozilla/5.0 (Windows NT 6.1; WOW64) AppleWebKit/537.36 (KHTML, like Gecko) Chrome/51.0.2704.84 Safari/537.36"
::1 - - [Wed, 15 Jun 2016 07:31:18 GMT] "GET /favicon.ico HTTP/1.1" 200 264 "http://localhost:3000/tags" "Mozilla/5.0 (Windows NT 6.1; WOW64) AppleWebKit/537.36 (KHTML, like Gecko) Chrome/51.0.2704.84 Safari/537.36"
::1 - - [Wed, 15 Jun 2016 07:31:19 GMT] "GET /links HTTP/1.1" 200 1172 "http://localhost:3000/tags" "Mozilla/5.0 (Windows NT 6.1; WOW64) AppleWebKit/537.36 (KHTML, like Gecko) Chrome/51.0.2704.84 Safari/537.36"
::1 - - [Wed, 15 Jun 2016 07:31:19 GMT] "GET /stylesheets/style.css HTTP/1.1" 200 1840 "http://localhost:3000/links" "Mozilla/5.0 (Windows NT 6.1; WOW64) AppleWebKit/537.36 (KHTML, like Gecko) Chrome/51.0.2704.84 Safari/537.36"
::1 - - [Wed, 15 Jun 2016 07:31:19 GMT] "GET /favicon.ico HTTP/1.1" 200 264 "http://localhost:3000/links" "Mozilla/5.0 (Windows NT 6.1; WOW64) AppleWebKit/537.36 (KHTML, like Gecko) Chrome/51.0.2704.84 Safari/537.36"
::1 - - [Wed, 15 Jun 2016 07:31:20 GMT] "GET /post HTTP/1.1" 200 1181 "http://localhost:3000/links" "Mozilla/5.0 (Windows NT 6.1; WOW64) AppleWebKit/537.36 (KHTML, like Gecko) Chrome/51.0.2704.84 Safari/537.36"
::1 - - [Wed, 15 Jun 2016 07:31:20 GMT] "GET /stylesheets/style.css HTTP/1.1" 200 1840 "http://localhost:3000/post" "Mozilla/5.0 (Windows NT 6.1; WOW64) AppleWebKit/537.36 (KHTML, like Gecko) Chrome/51.0.2704.84 Safari/537.36"
::1 - - [Wed, 15 Jun 2016 07:31:20 GMT] "GET /favicon.ico HTTP/1.1" 200 264 "http://localhost:3000/post" "Mozilla/5.0 (Windows NT 6.1; WOW64) AppleWebKit/537.36 (KHTML, like Gecko) Chrome/51.0.2704.84 Safari/537.36"
::1 - - [Wed, 15 Jun 2016 07:31:22 GMT] "GET /post HTTP/1.1" 200 1181 "http://localhost:3000/post" "Mozilla/5.0 (Windows NT 6.1; WOW64) AppleWebKit/537.36 (KHTML, like Gecko) Chrome/51.0.2704.84 Safari/537.36"
::1 - - [Wed, 15 Jun 2016 07:31:22 GMT] "GET /stylesheets/style.css HTTP/1.1" 200 1840 "http://localhost:3000/post" "Mozilla/5.0 (Windows NT 6.1; WOW64) AppleWebKit/537.36 (KHTML, like Gecko) Chrome/51.0.2704.84 Safari/537.36"
::1 - - [Wed, 15 Jun 2016 07:31:22 GMT] "GET /favicon.ico HTTP/1.1" 200 264 "http://localhost:3000/post" "Mozilla/5.0 (Windows NT 6.1; WOW64) AppleWebKit/537.36 (KHTML, like Gecko) Chrome/51.0.2704.84 Safari/537.36"
::1 - - [Wed, 15 Jun 2016 07:31:22 GMT] "GET / HTTP/1.1" 200 2009 "http://localhost:3000/post" "Mozilla/5.0 (Windows NT 6.1; WOW64) AppleWebKit/537.36 (KHTML, like Gecko) Chrome/51.0.2704.84 Safari/537.36"
::1 - - [Wed, 15 Jun 2016 07:31:22 GMT] "GET /stylesheets/style.css HTTP/1.1" 200 1840 "http://localhost:3000/" "Mozilla/5.0 (Windows NT 6.1; WOW64) AppleWebKit/537.36 (KHTML, like Gecko) Chrome/51.0.2704.84 Safari/537.36"
::1 - - [Wed, 15 Jun 2016 07:31:45 GMT] "GET /favicon.ico HTTP/1.1" 200 264 "http://localhost:3000/" "Mozilla/5.0 (Windows NT 6.1; WOW64) AppleWebKit/537.36 (KHTML, like Gecko) Chrome/51.0.2704.84 Safari/537.36"
::1 - - [Wed, 15 Jun 2016 09:30:30 GMT] "GET / HTTP/1.1" 200 2009 "-" "Mozilla/5.0 (Windows NT 6.1; WOW64) AppleWebKit/537.36 (KHTML, like Gecko) Chrome/51.0.2704.84 Safari/537.36"
::1 - - [Wed, 15 Jun 2016 09:30:30 GMT] "GET /stylesheets/style.css HTTP/1.1" 200 1840 "http://localhost:3000/" "Mozilla/5.0 (Windows NT 6.1; WOW64) AppleWebKit/537.36 (KHTML, like Gecko) Chrome/51.0.2704.84 Safari/537.36"
::1 - - [Wed, 15 Jun 2016 09:31:12 GMT] "GET /favicon.ico HTTP/1.1" 200 264 "http://localhost:3000/" "Mozilla/5.0 (Windows NT 6.1; WOW64) AppleWebKit/537.36 (KHTML, like Gecko) Chrome/51.0.2704.84 Safari/537.36"
::1 - - [Wed, 15 Jun 2016 09:32:36 GMT] "GET /post HTTP/1.1" 200 1181 "http://localhost:3000/" "Mozilla/5.0 (Windows NT 6.1; WOW64) AppleWebKit/537.36 (KHTML, like Gecko) Chrome/51.0.2704.84 Safari/537.36"
::1 - - [Wed, 15 Jun 2016 09:32:36 GMT] "GET /stylesheets/style.css HTTP/1.1" 200 1840 "http://localhost:3000/post" "Mozilla/5.0 (Windows NT 6.1; WOW64) AppleWebKit/537.36 (KHTML, like Gecko) Chrome/51.0.2704.84 Safari/537.36"
::1 - - [Wed, 15 Jun 2016 09:32:36 GMT] "GET /favicon.ico HTTP/1.1" 200 264 "http://localhost:3000/post" "Mozilla/5.0 (Windows NT 6.1; WOW64) AppleWebKit/537.36 (KHTML, like Gecko) Chrome/51.0.2704.84 Safari/537.36"
::1 - - [Wed, 15 Jun 2016 09:32:57 GMT] "GET / HTTP/1.1" 200 2009 "http://localhost:3000/post" "Mozilla/5.0 (Windows NT 6.1; WOW64) AppleWebKit/537.36 (KHTML, like Gecko) Chrome/51.0.2704.84 Safari/537.36"
::1 - - [Wed, 15 Jun 2016 09:32:57 GMT] "GET /stylesheets/style.css HTTP/1.1" 200 1840 "http://localhost:3000/" "Mozilla/5.0 (Windows NT 6.1; WOW64) AppleWebKit/537.36 (KHTML, like Gecko) Chrome/51.0.2704.84 Safari/537.36"
::1 - - [Wed, 15 Jun 2016 09:33:00 GMT] "GET /archive HTTP/1.1" 200 1102 "http://localhost:3000/" "Mozilla/5.0 (Windows NT 6.1; WOW64) AppleWebKit/537.36 (KHTML, like Gecko) Chrome/51.0.2704.84 Safari/537.36"
::1 - - [Wed, 15 Jun 2016 09:33:00 GMT] "GET /stylesheets/style.css HTTP/1.1" 200 1840 "http://localhost:3000/archive" "Mozilla/5.0 (Windows NT 6.1; WOW64) AppleWebKit/537.36 (KHTML, like Gecko) Chrome/51.0.2704.84 Safari/537.36"
::1 - - [Wed, 15 Jun 2016 09:33:00 GMT] "GET /favicon.ico HTTP/1.1" 200 264 "http://localhost:3000/archive" "Mozilla/5.0 (Windows NT 6.1; WOW64) AppleWebKit/537.36 (KHTML, like Gecko) Chrome/51.0.2704.84 Safari/537.36"
::1 - - [Wed, 15 Jun 2016 09:33:01 GMT] "GET /tags HTTP/1.1" 200 1021 "http://localhost:3000/archive" "Mozilla/5.0 (Windows NT 6.1; WOW64) AppleWebKit/537.36 (KHTML, like Gecko) Chrome/51.0.2704.84 Safari/537.36"
::1 - - [Wed, 15 Jun 2016 09:33:01 GMT] "GET /stylesheets/style.css HTTP/1.1" 200 1840 "http://localhost:3000/tags" "Mozilla/5.0 (Windows NT 6.1; WOW64) AppleWebKit/537.36 (KHTML, like Gecko) Chrome/51.0.2704.84 Safari/537.36"
::1 - - [Wed, 15 Jun 2016 09:33:01 GMT] "GET /favicon.ico HTTP/1.1" 200 264 "http://localhost:3000/tags" "Mozilla/5.0 (Windows NT 6.1; WOW64) AppleWebKit/537.36 (KHTML, like Gecko) Chrome/51.0.2704.84 Safari/537.36"
::1 - - [Wed, 15 Jun 2016 09:33:02 GMT] "GET /links HTTP/1.1" 200 1172 "http://localhost:3000/tags" "Mozilla/5.0 (Windows NT 6.1; WOW64) AppleWebKit/537.36 (KHTML, like Gecko) Chrome/51.0.2704.84 Safari/537.36"
::1 - - [Wed, 15 Jun 2016 09:33:02 GMT] "GET /stylesheets/style.css HTTP/1.1" 200 1840 "http://localhost:3000/links" "Mozilla/5.0 (Windows NT 6.1; WOW64) AppleWebKit/537.36 (KHTML, like Gecko) Chrome/51.0.2704.84 Safari/537.36"
::1 - - [Wed, 15 Jun 2016 09:33:02 GMT] "GET /favicon.ico HTTP/1.1" 200 264 "http://localhost:3000/links" "Mozilla/5.0 (Windows NT 6.1; WOW64) AppleWebKit/537.36 (KHTML, like Gecko) Chrome/51.0.2704.84 Safari/537.36"
::1 - - [Wed, 15 Jun 2016 09:33:02 GMT] "GET /upload HTTP/1.1" 200 1154 "http://localhost:3000/links" "Mozilla/5.0 (Windows NT 6.1; WOW64) AppleWebKit/537.36 (KHTML, like Gecko) Chrome/51.0.2704.84 Safari/537.36"
::1 - - [Wed, 15 Jun 2016 09:33:02 GMT] "GET /stylesheets/style.css HTTP/1.1" 200 1840 "http://localhost:3000/upload" "Mozilla/5.0 (Windows NT 6.1; WOW64) AppleWebKit/537.36 (KHTML, like Gecko) Chrome/51.0.2704.84 Safari/537.36"
::1 - - [Wed, 15 Jun 2016 09:33:03 GMT] "GET /favicon.ico HTTP/1.1" 200 264 "http://localhost:3000/upload" "Mozilla/5.0 (Windows NT 6.1; WOW64) AppleWebKit/537.36 (KHTML, like Gecko) Chrome/51.0.2704.84 Safari/537.36"
::1 - - [Wed, 15 Jun 2016 09:33:25 GMT] "GET / HTTP/1.1" 304 - "-" "Mozilla/5.0 (Windows NT 6.1; WOW64) AppleWebKit/537.36 (KHTML, like Gecko) Chrome/51.0.2704.84 Safari/537.36"
::1 - - [Wed, 15 Jun 2016 09:33:25 GMT] "GET /stylesheets/style.css HTTP/1.1" 304 - "http://localhost:3000/" "Mozilla/5.0 (Windows NT 6.1; WOW64) AppleWebKit/537.36 (KHTML, like Gecko) Chrome/51.0.2704.84 Safari/537.36"
::1 - - [Wed, 15 Jun 2016 09:33:39 GMT] "GET /favicon.ico HTTP/1.1" 304 - "http://localhost:3000/" "Mozilla/5.0 (Windows NT 6.1; WOW64) AppleWebKit/537.36 (KHTML, like Gecko) Chrome/51.0.2704.84 Safari/537.36"
::1 - - [Wed, 15 Jun 2016 09:42:51 GMT] "GET /logout HTTP/1.1" 302 46 "http://localhost:3000/" "Mozilla/5.0 (Windows NT 6.1; WOW64) AppleWebKit/537.36 (KHTML, like Gecko) Chrome/51.0.2704.84 Safari/537.36"
::1 - - [Wed, 15 Jun 2016 09:42:51 GMT] "GET / HTTP/1.1" 200 2010 "http://localhost:3000/" "Mozilla/5.0 (Windows NT 6.1; WOW64) AppleWebKit/537.36 (KHTML, like Gecko) Chrome/51.0.2704.84 Safari/537.36"
::1 - - [Wed, 15 Jun 2016 09:42:51 GMT] "GET /stylesheets/style.css HTTP/1.1" 304 - "http://localhost:3000/" "Mozilla/5.0 (Windows NT 6.1; WOW64) AppleWebKit/537.36 (KHTML, like Gecko) Chrome/51.0.2704.84 Safari/537.36"
::1 - - [Wed, 15 Jun 2016 09:42:52 GMT] "GET /login HTTP/1.1" 200 1015 "http://localhost:3000/" "Mozilla/5.0 (Windows NT 6.1; WOW64) AppleWebKit/537.36 (KHTML, like Gecko) Chrome/51.0.2704.84 Safari/537.36"
::1 - - [Wed, 15 Jun 2016 09:42:52 GMT] "GET /stylesheets/style.css HTTP/1.1" 304 - "http://localhost:3000/login" "Mozilla/5.0 (Windows NT 6.1; WOW64) AppleWebKit/537.36 (KHTML, like Gecko) Chrome/51.0.2704.84 Safari/537.36"
::1 - - [Wed, 15 Jun 2016 09:42:52 GMT] "GET /favicon.ico HTTP/1.1" 304 - "http://localhost:3000/login" "Mozilla/5.0 (Windows NT 6.1; WOW64) AppleWebKit/537.36 (KHTML, like Gecko) Chrome/51.0.2704.84 Safari/537.36"
::1 - - [Wed, 15 Jun 2016 09:42:53 GMT] "GET /reg HTTP/1.1" 200 1152 "http://localhost:3000/login" "Mozilla/5.0 (Windows NT 6.1; WOW64) AppleWebKit/537.36 (KHTML, like Gecko) Chrome/51.0.2704.84 Safari/537.36"
::1 - - [Wed, 15 Jun 2016 09:42:53 GMT] "GET /stylesheets/style.css HTTP/1.1" 304 - "http://localhost:3000/reg" "Mozilla/5.0 (Windows NT 6.1; WOW64) AppleWebKit/537.36 (KHTML, like Gecko) Chrome/51.0.2704.84 Safari/537.36"
::1 - - [Wed, 15 Jun 2016 09:42:53 GMT] "GET /favicon.ico HTTP/1.1" 304 - "http://localhost:3000/reg" "Mozilla/5.0 (Windows NT 6.1; WOW64) AppleWebKit/537.36 (KHTML, like Gecko) Chrome/51.0.2704.84 Safari/537.36"
::1 - - [Wed, 15 Jun 2016 09:43:22 GMT] "GET /login HTTP/1.1" 304 - "http://localhost:3000/reg" "Mozilla/5.0 (Windows NT 6.1; WOW64) AppleWebKit/537.36 (KHTML, like Gecko) Chrome/51.0.2704.84 Safari/537.36"
::1 - - [Wed, 15 Jun 2016 09:43:22 GMT] "GET /stylesheets/style.css HTTP/1.1" 304 - "http://localhost:3000/login" "Mozilla/5.0 (Windows NT 6.1; WOW64) AppleWebKit/537.36 (KHTML, like Gecko) Chrome/51.0.2704.84 Safari/537.36"
::1 - - [Wed, 15 Jun 2016 09:43:22 GMT] "GET /favicon.ico HTTP/1.1" 304 - "http://localhost:3000/login" "Mozilla/5.0 (Windows NT 6.1; WOW64) AppleWebKit/537.36 (KHTML, like Gecko) Chrome/51.0.2704.84 Safari/537.36"
::1 - - [Wed, 15 Jun 2016 09:43:23 GMT] "GET /reg HTTP/1.1" 304 - "http://localhost:3000/login" "Mozilla/5.0 (Windows NT 6.1; WOW64) AppleWebKit/537.36 (KHTML, like Gecko) Chrome/51.0.2704.84 Safari/537.36"
::1 - - [Wed, 15 Jun 2016 09:43:23 GMT] "GET /stylesheets/style.css HTTP/1.1" 304 - "http://localhost:3000/reg" "Mozilla/5.0 (Windows NT 6.1; WOW64) AppleWebKit/537.36 (KHTML, like Gecko) Chrome/51.0.2704.84 Safari/537.36"
::1 - - [Wed, 15 Jun 2016 09:43:23 GMT] "GET /favicon.ico HTTP/1.1" 304 - "http://localhost:3000/reg" "Mozilla/5.0 (Windows NT 6.1; WOW64) AppleWebKit/537.36 (KHTML, like Gecko) Chrome/51.0.2704.84 Safari/537.36"
::1 - - [Wed, 15 Jun 2016 09:43:35 GMT] "GET /links HTTP/1.1" 200 1173 "http://localhost:3000/reg" "Mozilla/5.0 (Windows NT 6.1; WOW64) AppleWebKit/537.36 (KHTML, like Gecko) Chrome/51.0.2704.84 Safari/537.36"
::1 - - [Wed, 15 Jun 2016 09:43:35 GMT] "GET /stylesheets/style.css HTTP/1.1" 304 - "http://localhost:3000/links" "Mozilla/5.0 (Windows NT 6.1; WOW64) AppleWebKit/537.36 (KHTML, like Gecko) Chrome/51.0.2704.84 Safari/537.36"
::1 - - [Wed, 15 Jun 2016 09:43:35 GMT] "GET /favicon.ico HTTP/1.1" 304 - "http://localhost:3000/links" "Mozilla/5.0 (Windows NT 6.1; WOW64) AppleWebKit/537.36 (KHTML, like Gecko) Chrome/51.0.2704.84 Safari/537.36"
::1 - - [Wed, 15 Jun 2016 09:43:37 GMT] "GET /tags HTTP/1.1" 200 1022 "http://localhost:3000/links" "Mozilla/5.0 (Windows NT 6.1; WOW64) AppleWebKit/537.36 (KHTML, like Gecko) Chrome/51.0.2704.84 Safari/537.36"
::1 - - [Wed, 15 Jun 2016 09:43:37 GMT] "GET /stylesheets/style.css HTTP/1.1" 304 - "http://localhost:3000/tags" "Mozilla/5.0 (Windows NT 6.1; WOW64) AppleWebKit/537.36 (KHTML, like Gecko) Chrome/51.0.2704.84 Safari/537.36"
::1 - - [Wed, 15 Jun 2016 09:43:37 GMT] "GET /favicon.ico HTTP/1.1" 304 - "http://localhost:3000/tags" "Mozilla/5.0 (Windows NT 6.1; WOW64) AppleWebKit/537.36 (KHTML, like Gecko) Chrome/51.0.2704.84 Safari/537.36"
::1 - - [Wed, 15 Jun 2016 09:43:37 GMT] "GET /archive HTTP/1.1" 200 1103 "http://localhost:3000/tags" "Mozilla/5.0 (Windows NT 6.1; WOW64) AppleWebKit/537.36 (KHTML, like Gecko) Chrome/51.0.2704.84 Safari/537.36"
::1 - - [Wed, 15 Jun 2016 09:43:37 GMT] "GET /stylesheets/style.css HTTP/1.1" 304 - "http://localhost:3000/archive" "Mozilla/5.0 (Windows NT 6.1; WOW64) AppleWebKit/537.36 (KHTML, like Gecko) Chrome/51.0.2704.84 Safari/537.36"
::1 - - [Wed, 15 Jun 2016 09:43:37 GMT] "GET /favicon.ico HTTP/1.1" 304 - "http://localhost:3000/archive" "Mozilla/5.0 (Windows NT 6.1; WOW64) AppleWebKit/537.36 (KHTML, like Gecko) Chrome/51.0.2704.84 Safari/537.36"
::1 - - [Wed, 15 Jun 2016 09:43:38 GMT] "GET /upload HTTP/1.1" 302 56 "http://localhost:3000/archive" "Mozilla/5.0 (Windows NT 6.1; WOW64) AppleWebKit/537.36 (KHTML, like Gecko) Chrome/51.0.2704.84 Safari/537.36"
::1 - - [Wed, 15 Jun 2016 09:43:38 GMT] "GET /login HTTP/1.1" 304 - "http://localhost:3000/archive" "Mozilla/5.0 (Windows NT 6.1; WOW64) AppleWebKit/537.36 (KHTML, like Gecko) Chrome/51.0.2704.84 Safari/537.36"
::1 - - [Wed, 15 Jun 2016 09:43:38 GMT] "GET /stylesheets/style.css HTTP/1.1" 304 - "http://localhost:3000/login" "Mozilla/5.0 (Windows NT 6.1; WOW64) AppleWebKit/537.36 (KHTML, like Gecko) Chrome/51.0.2704.84 Safari/537.36"
::1 - - [Wed, 15 Jun 2016 09:43:38 GMT] "GET /favicon.ico HTTP/1.1" 304 - "http://localhost:3000/login" "Mozilla/5.0 (Windows NT 6.1; WOW64) AppleWebKit/537.36 (KHTML, like Gecko) Chrome/51.0.2704.84 Safari/537.36"
::1 - - [Wed, 15 Jun 2016 09:43:38 GMT] "GET / HTTP/1.1" 304 - "http://localhost:3000/login" "Mozilla/5.0 (Windows NT 6.1; WOW64) AppleWebKit/537.36 (KHTML, like Gecko) Chrome/51.0.2704.84 Safari/537.36"
::1 - - [Wed, 15 Jun 2016 09:43:38 GMT] "GET /stylesheets/style.css HTTP/1.1" 304 - "http://localhost:3000/" "Mozilla/5.0 (Windows NT 6.1; WOW64) AppleWebKit/537.36 (KHTML, like Gecko) Chrome/51.0.2704.84 Safari/537.36"
::1 - - [Wed, 15 Jun 2016 09:43:39 GMT] "GET /upload HTTP/1.1" 302 56 "http://localhost:3000/" "Mozilla/5.0 (Windows NT 6.1; WOW64) AppleWebKit/537.36 (KHTML, like Gecko) Chrome/51.0.2704.84 Safari/537.36"
::1 - - [Wed, 15 Jun 2016 09:43:39 GMT] "GET /login HTTP/1.1" 304 - "http://localhost:3000/" "Mozilla/5.0 (Windows NT 6.1; WOW64) AppleWebKit/537.36 (KHTML, like Gecko) Chrome/51.0.2704.84 Safari/537.36"
::1 - - [Wed, 15 Jun 2016 09:43:39 GMT] "GET /stylesheets/style.css HTTP/1.1" 304 - "http://localhost:3000/login" "Mozilla/5.0 (Windows NT 6.1; WOW64) AppleWebKit/537.36 (KHTML, like Gecko) Chrome/51.0.2704.84 Safari/537.36"
::1 - - [Wed, 15 Jun 2016 09:43:39 GMT] "GET /favicon.ico HTTP/1.1" 304 - "http://localhost:3000/login" "Mozilla/5.0 (Windows NT 6.1; WOW64) AppleWebKit/537.36 (KHTML, like Gecko) Chrome/51.0.2704.84 Safari/537.36"
::1 - - [Wed, 15 Jun 2016 09:43:42 GMT] "GET /tags HTTP/1.1" 304 - "http://localhost:3000/login" "Mozilla/5.0 (Windows NT 6.1; WOW64) AppleWebKit/537.36 (KHTML, like Gecko) Chrome/51.0.2704.84 Safari/537.36"
::1 - - [Wed, 15 Jun 2016 09:43:42 GMT] "GET /stylesheets/style.css HTTP/1.1" 304 - "http://localhost:3000/tags" "Mozilla/5.0 (Windows NT 6.1; WOW64) AppleWebKit/537.36 (KHTML, like Gecko) Chrome/51.0.2704.84 Safari/537.36"
::1 - - [Wed, 15 Jun 2016 09:43:42 GMT] "GET /favicon.ico HTTP/1.1" 304 - "http://localhost:3000/tags" "Mozilla/5.0 (Windows NT 6.1; WOW64) AppleWebKit/537.36 (KHTML, like Gecko) Chrome/51.0.2704.84 Safari/537.36"
::1 - - [Wed, 15 Jun 2016 09:43:43 GMT] "GET /links HTTP/1.1" 304 - "http://localhost:3000/tags" "Mozilla/5.0 (Windows NT 6.1; WOW64) AppleWebKit/537.36 (KHTML, like Gecko) Chrome/51.0.2704.84 Safari/537.36"
::1 - - [Wed, 15 Jun 2016 09:43:43 GMT] "GET /stylesheets/style.css HTTP/1.1" 304 - "http://localhost:3000/links" "Mozilla/5.0 (Windows NT 6.1; WOW64) AppleWebKit/537.36 (KHTML, like Gecko) Chrome/51.0.2704.84 Safari/537.36"
::1 - - [Wed, 15 Jun 2016 09:43:43 GMT] "GET /favicon.ico HTTP/1.1" 304 - "http://localhost:3000/links" "Mozilla/5.0 (Windows NT 6.1; WOW64) AppleWebKit/537.36 (KHTML, like Gecko) Chrome/51.0.2704.84 Safari/537.36"
::1 - - [Wed, 15 Jun 2016 09:43:44 GMT] "GET /links HTTP/1.1" 304 - "http://localhost:3000/links" "Mozilla/5.0 (Windows NT 6.1; WOW64) AppleWebKit/537.36 (KHTML, like Gecko) Chrome/51.0.2704.84 Safari/537.36"
::1 - - [Wed, 15 Jun 2016 09:43:44 GMT] "GET /stylesheets/style.css HTTP/1.1" 304 - "http://localhost:3000/links" "Mozilla/5.0 (Windows NT 6.1; WOW64) AppleWebKit/537.36 (KHTML, like Gecko) Chrome/51.0.2704.84 Safari/537.36"
::1 - - [Wed, 15 Jun 2016 09:43:44 GMT] "GET /favicon.ico HTTP/1.1" 304 - "http://localhost:3000/links" "Mozilla/5.0 (Windows NT 6.1; WOW64) AppleWebKit/537.36 (KHTML, like Gecko) Chrome/51.0.2704.84 Safari/537.36"
::1 - - [Wed, 15 Jun 2016 09:43:44 GMT] "GET /tags HTTP/1.1" 304 - "http://localhost:3000/links" "Mozilla/5.0 (Windows NT 6.1; WOW64) AppleWebKit/537.36 (KHTML, like Gecko) Chrome/51.0.2704.84 Safari/537.36"
::1 - - [Wed, 15 Jun 2016 09:43:44 GMT] "GET /stylesheets/style.css HTTP/1.1" 304 - "http://localhost:3000/tags" "Mozilla/5.0 (Windows NT 6.1; WOW64) AppleWebKit/537.36 (KHTML, like Gecko) Chrome/51.0.2704.84 Safari/537.36"
::1 - - [Wed, 15 Jun 2016 09:43:45 GMT] "GET /favicon.ico HTTP/1.1" 304 - "http://localhost:3000/tags" "Mozilla/5.0 (Windows NT 6.1; WOW64) AppleWebKit/537.36 (KHTML, like Gecko) Chrome/51.0.2704.84 Safari/537.36"
::1 - - [Wed, 15 Jun 2016 09:56:14 GMT] "GET / HTTP/1.1" 304 - "-" "Mozilla/5.0 (Windows NT 6.1; WOW64) AppleWebKit/537.36 (KHTML, like Gecko) Chrome/51.0.2704.84 Safari/537.36"
::1 - - [Wed, 15 Jun 2016 09:56:14 GMT] "GET /stylesheets/style.css HTTP/1.1" 304 - "http://localhost:3000/" "Mozilla/5.0 (Windows NT 6.1; WOW64) AppleWebKit/537.36 (KHTML, like Gecko) Chrome/51.0.2704.84 Safari/537.36"
::1 - - [Wed, 15 Jun 2016 09:56:15 GMT] "GET / HTTP/1.1" 304 - "-" "Mozilla/5.0 (Windows NT 6.1; WOW64) AppleWebKit/537.36 (KHTML, like Gecko) Chrome/51.0.2704.84 Safari/537.36"
::1 - - [Wed, 15 Jun 2016 09:56:15 GMT] "GET /stylesheets/style.css HTTP/1.1" 304 - "http://localhost:3000/" "Mozilla/5.0 (Windows NT 6.1; WOW64) AppleWebKit/537.36 (KHTML, like Gecko) Chrome/51.0.2704.84 Safari/537.36"
::1 - - [Wed, 15 Jun 2016 09:56:15 GMT] "GET /favicon.ico HTTP/1.1" 304 - "http://localhost:3000/" "Mozilla/5.0 (Windows NT 6.1; WOW64) AppleWebKit/537.36 (KHTML, like Gecko) Chrome/51.0.2704.84 Safari/537.36"
::1 - - [Wed, 15 Jun 2016 09:56:18 GMT] "GET /u/4444 HTTP/1.1" 200 2076 "http://localhost:3000/" "Mozilla/5.0 (Windows NT 6.1; WOW64) AppleWebKit/537.36 (KHTML, like Gecko) Chrome/51.0.2704.84 Safari/537.36"
::1 - - [Wed, 15 Jun 2016 09:56:18 GMT] "GET /stylesheets/style.css HTTP/1.1" 304 - "http://localhost:3000/u/4444" "Mozilla/5.0 (Windows NT 6.1; WOW64) AppleWebKit/537.36 (KHTML, like Gecko) Chrome/51.0.2704.84 Safari/537.36"
::1 - - [Wed, 15 Jun 2016 09:56:18 GMT] "GET /favicon.ico HTTP/1.1" 304 - "http://localhost:3000/u/4444" "Mozilla/5.0 (Windows NT 6.1; WOW64) AppleWebKit/537.36 (KHTML, like Gecko) Chrome/51.0.2704.84 Safari/537.36"
::1 - - [Wed, 15 Jun 2016 09:56:43 GMT] "GET /stylesheets/style.css HTTP/1.1" 304 - "http://localhost:3000/u/4444" "Mozilla/5.0 (Windows NT 6.1; WOW64) AppleWebKit/537.36 (KHTML, like Gecko) Chrome/51.0.2704.84 Safari/537.36"
::1 - - [Wed, 15 Jun 2016 09:57:06 GMT] "GET /u/4444/2016-6-15/444 HTTP/1.1" 200 1730 "http://localhost:3000/u/4444" "Mozilla/5.0 (Windows NT 6.1; WOW64) AppleWebKit/537.36 (KHTML, like Gecko) Chrome/51.0.2704.84 Safari/537.36"
::1 - - [Wed, 15 Jun 2016 09:57:06 GMT] "GET /stylesheets/style.css HTTP/1.1" 200 1840 "http://localhost:3000/u/4444/2016-6-15/444" "Mozilla/5.0 (Windows NT 6.1; WOW64) AppleWebKit/537.36 (KHTML, like Gecko) Chrome/51.0.2704.84 Safari/537.36"
::1 - - [Wed, 15 Jun 2016 09:57:06 GMT] "GET /favicon.ico HTTP/1.1" 200 264 "http://localhost:3000/u/4444/2016-6-15/444" "Mozilla/5.0 (Windows NT 6.1; WOW64) AppleWebKit/537.36 (KHTML, like Gecko) Chrome/51.0.2704.84 Safari/537.36"
::1 - - [Wed, 15 Jun 2016 09:57:08 GMT] "GET / HTTP/1.1" 200 2010 "http://localhost:3000/u/4444/2016-6-15/444" "Mozilla/5.0 (Windows NT 6.1; WOW64) AppleWebKit/537.36 (KHTML, like Gecko) Chrome/51.0.2704.84 Safari/537.36"
::1 - - [Wed, 15 Jun 2016 09:57:08 GMT] "GET /stylesheets/style.css HTTP/1.1" 200 1840 "http://localhost:3000/" "Mozilla/5.0 (Windows NT 6.1; WOW64) AppleWebKit/537.36 (KHTML, like Gecko) Chrome/51.0.2704.84 Safari/537.36"
::1 - - [Wed, 15 Jun 2016 09:57:09 GMT] "GET /favicon.ico HTTP/1.1" 200 264 "http://localhost:3000/" "Mozilla/5.0 (Windows NT 6.1; WOW64) AppleWebKit/537.36 (KHTML, like Gecko) Chrome/51.0.2704.84 Safari/537.36"
::1 - - [Wed, 15 Jun 2016 09:57:09 GMT] "GET /u/4444/2016-6-15/123 HTTP/1.1" 200 1967 "http://localhost:3000/" "Mozilla/5.0 (Windows NT 6.1; WOW64) AppleWebKit/537.36 (KHTML, like Gecko) Chrome/51.0.2704.84 Safari/537.36"
::1 - - [Wed, 15 Jun 2016 09:57:09 GMT] "GET /stylesheets/style.css HTTP/1.1" 200 1840 "http://localhost:3000/u/4444/2016-6-15/123" "Mozilla/5.0 (Windows NT 6.1; WOW64) AppleWebKit/537.36 (KHTML, like Gecko) Chrome/51.0.2704.84 Safari/537.36"
::1 - - [Wed, 15 Jun 2016 09:57:10 GMT] "GET /favicon.ico HTTP/1.1" 200 264 "http://localhost:3000/u/4444/2016-6-15/123" "Mozilla/5.0 (Windows NT 6.1; WOW64) AppleWebKit/537.36 (KHTML, like Gecko) Chrome/51.0.2704.84 Safari/537.36"
::1 - - [Wed, 15 Jun 2016 09:57:15 GMT] "GET /login HTTP/1.1" 200 1015 "http://localhost:3000/u/4444/2016-6-15/123" "Mozilla/5.0 (Windows NT 6.1; WOW64) AppleWebKit/537.36 (KHTML, like Gecko) Chrome/51.0.2704.84 Safari/537.36"
::1 - - [Wed, 15 Jun 2016 09:57:15 GMT] "GET /stylesheets/style.css HTTP/1.1" 200 1840 "http://localhost:3000/login" "Mozilla/5.0 (Windows NT 6.1; WOW64) AppleWebKit/537.36 (KHTML, like Gecko) Chrome/51.0.2704.84 Safari/537.36"
::1 - - [Wed, 15 Jun 2016 09:57:15 GMT] "GET /favicon.ico HTTP/1.1" 200 264 "http://localhost:3000/login" "Mozilla/5.0 (Windows NT 6.1; WOW64) AppleWebKit/537.36 (KHTML, like Gecko) Chrome/51.0.2704.84 Safari/537.36"
::1 - - [Wed, 15 Jun 2016 09:57:16 GMT] "POST /login HTTP/1.1" 302 46 "http://localhost:3000/login" "Mozilla/5.0 (Windows NT 6.1; WOW64) AppleWebKit/537.36 (KHTML, like Gecko) Chrome/51.0.2704.84 Safari/537.36"
::1 - - [Wed, 15 Jun 2016 09:57:16 GMT] "GET / HTTP/1.1" 200 2010 "http://localhost:3000/login" "Mozilla/5.0 (Windows NT 6.1; WOW64) AppleWebKit/537.36 (KHTML, like Gecko) Chrome/51.0.2704.84 Safari/537.36"
::1 - - [Wed, 15 Jun 2016 09:57:16 GMT] "GET /stylesheets/style.css HTTP/1.1" 200 1840 "http://localhost:3000/" "Mozilla/5.0 (Windows NT 6.1; WOW64) AppleWebKit/537.36 (KHTML, like Gecko) Chrome/51.0.2704.84 Safari/537.36"
::1 - - [Wed, 15 Jun 2016 09:57:16 GMT] "GET /favicon.ico HTTP/1.1" 200 264 "http://localhost:3000/" "Mozilla/5.0 (Windows NT 6.1; WOW64) AppleWebKit/537.36 (KHTML, like Gecko) Chrome/51.0.2704.84 Safari/537.36"
::1 - - [Wed, 15 Jun 2016 09:57:16 GMT] "GET / HTTP/1.1" 200 2010 "http://localhost:3000/" "Mozilla/5.0 (Windows NT 6.1; WOW64) AppleWebKit/537.36 (KHTML, like Gecko) Chrome/51.0.2704.84 Safari/537.36"
::1 - - [Wed, 15 Jun 2016 09:57:17 GMT] "GET /stylesheets/style.css HTTP/1.1" 200 1840 "http://localhost:3000/" "Mozilla/5.0 (Windows NT 6.1; WOW64) AppleWebKit/537.36 (KHTML, like Gecko) Chrome/51.0.2704.84 Safari/537.36"
::1 - - [Wed, 15 Jun 2016 09:57:17 GMT] "GET /favicon.ico HTTP/1.1" 200 264 "http://localhost:3000/" "Mozilla/5.0 (Windows NT 6.1; WOW64) AppleWebKit/537.36 (KHTML, like Gecko) Chrome/51.0.2704.84 Safari/537.36"
::1 - - [Wed, 15 Jun 2016 09:57:18 GMT] "GET /u/4444/2016-6-15/444 HTTP/1.1" 200 1917 "http://localhost:3000/" "Mozilla/5.0 (Windows NT 6.1; WOW64) AppleWebKit/537.36 (KHTML, like Gecko) Chrome/51.0.2704.84 Safari/537.36"
::1 - - [Wed, 15 Jun 2016 09:57:18 GMT] "GET /stylesheets/style.css HTTP/1.1" 200 1840 "http://localhost:3000/u/4444/2016-6-15/444" "Mozilla/5.0 (Windows NT 6.1; WOW64) AppleWebKit/537.36 (KHTML, like Gecko) Chrome/51.0.2704.84 Safari/537.36"
::1 - - [Wed, 15 Jun 2016 09:57:18 GMT] "GET /favicon.ico HTTP/1.1" 200 264 "http://localhost:3000/u/4444/2016-6-15/444" "Mozilla/5.0 (Windows NT 6.1; WOW64) AppleWebKit/537.36 (KHTML, like Gecko) Chrome/51.0.2704.84 Safari/537.36"
::1 - - [Wed, 15 Jun 2016 09:57:20 GMT] "POST /u/4444/2016-6-15/444 HTTP/1.1" 302 128 "http://localhost:3000/u/4444/2016-6-15/444" "Mozilla/5.0 (Windows NT 6.1; WOW64) AppleWebKit/537.36 (KHTML, like Gecko) Chrome/51.0.2704.84 Safari/537.36"
::1 - - [Wed, 15 Jun 2016 09:57:20 GMT] "GET /u/4444/2016-6-15/444 HTTP/1.1" 200 2180 "http://localhost:3000/u/4444/2016-6-15/444" "Mozilla/5.0 (Windows NT 6.1; WOW64) AppleWebKit/537.36 (KHTML, like Gecko) Chrome/51.0.2704.84 Safari/537.36"
::1 - - [Wed, 15 Jun 2016 09:57:20 GMT] "GET /stylesheets/style.css HTTP/1.1" 200 1840 "http://localhost:3000/u/4444/2016-6-15/444" "Mozilla/5.0 (Windows NT 6.1; WOW64) AppleWebKit/537.36 (KHTML, like Gecko) Chrome/51.0.2704.84 Safari/537.36"
::1 - - [Wed, 15 Jun 2016 09:57:20 GMT] "GET /favicon.ico HTTP/1.1" 200 264 "http://localhost:3000/u/4444/2016-6-15/444" "Mozilla/5.0 (Windows NT 6.1; WOW64) AppleWebKit/537.36 (KHTML, like Gecko) Chrome/51.0.2704.84 Safari/537.36"
::1 - - [Wed, 15 Jun 2016 09:57:22 GMT] "POST /u/4444/2016-6-15/444 HTTP/1.1" 302 128 "http://localhost:3000/u/4444/2016-6-15/444" "Mozilla/5.0 (Windows NT 6.1; WOW64) AppleWebKit/537.36 (KHTML, like Gecko) Chrome/51.0.2704.84 Safari/537.36"
::1 - - [Wed, 15 Jun 2016 09:57:22 GMT] "GET /u/4444/2016-6-15/444 HTTP/1.1" 200 2442 "http://localhost:3000/u/4444/2016-6-15/444" "Mozilla/5.0 (Windows NT 6.1; WOW64) AppleWebKit/537.36 (KHTML, like Gecko) Chrome/51.0.2704.84 Safari/537.36"
::1 - - [Wed, 15 Jun 2016 09:57:22 GMT] "GET /stylesheets/style.css HTTP/1.1" 200 1840 "http://localhost:3000/u/4444/2016-6-15/444" "Mozilla/5.0 (Windows NT 6.1; WOW64) AppleWebKit/537.36 (KHTML, like Gecko) Chrome/51.0.2704.84 Safari/537.36"
::1 - - [Wed, 15 Jun 2016 09:57:25 GMT] "GET / HTTP/1.1" 200 2010 "http://localhost:3000/u/4444/2016-6-15/444" "Mozilla/5.0 (Windows NT 6.1; WOW64) AppleWebKit/537.36 (KHTML, like Gecko) Chrome/51.0.2704.84 Safari/537.36"
::1 - - [Wed, 15 Jun 2016 09:57:25 GMT] "GET /stylesheets/style.css HTTP/1.1" 200 1840 "http://localhost:3000/" "Mozilla/5.0 (Windows NT 6.1; WOW64) AppleWebKit/537.36 (KHTML, like Gecko) Chrome/51.0.2704.84 Safari/537.36"
::1 - - [Wed, 15 Jun 2016 09:57:25 GMT] "GET /favicon.ico HTTP/1.1" 200 264 "http://localhost:3000/" "Mozilla/5.0 (Windows NT 6.1; WOW64) AppleWebKit/537.36 (KHTML, like Gecko) Chrome/51.0.2704.84 Safari/537.36"
::1 - - [Thu, 16 Jun 2016 06:24:00 GMT] "GET / HTTP/1.1" 200 2024 "-" "Mozilla/5.0 (Windows NT 6.1; WOW64) AppleWebKit/537.36 (KHTML, like Gecko) Chrome/51.0.2704.84 Safari/537.36"
::1 - - [Thu, 16 Jun 2016 06:24:00 GMT] "GET /stylesheets/style.css HTTP/1.1" 200 1840 "http://localhost:3000/" "Mozilla/5.0 (Windows NT 6.1; WOW64) AppleWebKit/537.36 (KHTML, like Gecko) Chrome/51.0.2704.84 Safari/537.36"
::1 - - [Thu, 16 Jun 2016 06:24:44 GMT] "GET /p/5760ef1a4c0cf30023f47aa4 HTTP/1.1" 200 2439 "-" "Mozilla/5.0 (Windows NT 6.1; WOW64) AppleWebKit/537.36 (KHTML, like Gecko) Chrome/51.0.2704.84 Safari/537.36"
::1 - - [Thu, 16 Jun 2016 06:24:44 GMT] "GET /stylesheets/style.css HTTP/1.1" 304 - "http://localhost:3000/p/5760ef1a4c0cf30023f47aa4" "Mozilla/5.0 (Windows NT 6.1; WOW64) AppleWebKit/537.36 (KHTML, like Gecko) Chrome/51.0.2704.84 Safari/537.36"
::1 - - [Thu, 16 Jun 2016 06:24:46 GMT] "GET / HTTP/1.1" 200 2024 "-" "Mozilla/5.0 (Windows NT 6.1; WOW64) AppleWebKit/537.36 (KHTML, like Gecko) Chrome/51.0.2704.84 Safari/537.36"
::1 - - [Thu, 16 Jun 2016 06:24:46 GMT] "GET /stylesheets/style.css HTTP/1.1" 304 - "http://localhost:3000/" "Mozilla/5.0 (Windows NT 6.1; WOW64) AppleWebKit/537.36 (KHTML, like Gecko) Chrome/51.0.2704.84 Safari/537.36"
::1 - - [Thu, 16 Jun 2016 06:24:47 GMT] "GET /p/5760ef1a4c0cf30023f47aa4 HTTP/1.1" 200 2439 "http://localhost:3000/" "Mozilla/5.0 (Windows NT 6.1; WOW64) AppleWebKit/537.36 (KHTML, like Gecko) Chrome/51.0.2704.84 Safari/537.36"
::1 - - [Thu, 16 Jun 2016 06:24:47 GMT] "GET /stylesheets/style.css HTTP/1.1" 304 - "http://localhost:3000/p/5760ef1a4c0cf30023f47aa4" "Mozilla/5.0 (Windows NT 6.1; WOW64) AppleWebKit/537.36 (KHTML, like Gecko) Chrome/51.0.2704.84 Safari/537.36"
::1 - - [Thu, 16 Jun 2016 06:24:48 GMT] "GET / HTTP/1.1" 200 2024 "http://localhost:3000/p/5760ef1a4c0cf30023f47aa4" "Mozilla/5.0 (Windows NT 6.1; WOW64) AppleWebKit/537.36 (KHTML, like Gecko) Chrome/51.0.2704.84 Safari/537.36"
::1 - - [Thu, 16 Jun 2016 06:24:48 GMT] "GET /stylesheets/style.css HTTP/1.1" 304 - "http://localhost:3000/" "Mozilla/5.0 (Windows NT 6.1; WOW64) AppleWebKit/537.36 (KHTML, like Gecko) Chrome/51.0.2704.84 Safari/537.36"
::1 - - [Thu, 16 Jun 2016 06:24:49 GMT] "GET /p/5760ed6d202bfc142751af00 HTTP/1.1" 200 2152 "http://localhost:3000/" "Mozilla/5.0 (Windows NT 6.1; WOW64) AppleWebKit/537.36 (KHTML, like Gecko) Chrome/51.0.2704.84 Safari/537.36"
::1 - - [Thu, 16 Jun 2016 06:24:49 GMT] "GET /stylesheets/style.css HTTP/1.1" 304 - "http://localhost:3000/p/5760ed6d202bfc142751af00" "Mozilla/5.0 (Windows NT 6.1; WOW64) AppleWebKit/537.36 (KHTML, like Gecko) Chrome/51.0.2704.84 Safari/537.36"
::1 - - [Thu, 16 Jun 2016 06:24:51 GMT] "GET / HTTP/1.1" 200 2024 "http://localhost:3000/p/5760ed6d202bfc142751af00" "Mozilla/5.0 (Windows NT 6.1; WOW64) AppleWebKit/537.36 (KHTML, like Gecko) Chrome/51.0.2704.84 Safari/537.36"
::1 - - [Thu, 16 Jun 2016 06:24:51 GMT] "GET /stylesheets/style.css HTTP/1.1" 304 - "http://localhost:3000/" "Mozilla/5.0 (Windows NT 6.1; WOW64) AppleWebKit/537.36 (KHTML, like Gecko) Chrome/51.0.2704.84 Safari/537.36"
::1 - - [Thu, 16 Jun 2016 06:24:51 GMT] "GET /p/5760ed6d202bfc142751af00 HTTP/1.1" 200 2152 "http://localhost:3000/" "Mozilla/5.0 (Windows NT 6.1; WOW64) AppleWebKit/537.36 (KHTML, like Gecko) Chrome/51.0.2704.84 Safari/537.36"
::1 - - [Thu, 16 Jun 2016 06:24:51 GMT] "GET /stylesheets/style.css HTTP/1.1" 304 - "http://localhost:3000/p/5760ed6d202bfc142751af00" "Mozilla/5.0 (Windows NT 6.1; WOW64) AppleWebKit/537.36 (KHTML, like Gecko) Chrome/51.0.2704.84 Safari/537.36"
::1 - - [Thu, 16 Jun 2016 06:24:55 GMT] "GET / HTTP/1.1" 200 2024 "http://localhost:3000/p/5760ed6d202bfc142751af00" "Mozilla/5.0 (Windows NT 6.1; WOW64) AppleWebKit/537.36 (KHTML, like Gecko) Chrome/51.0.2704.84 Safari/537.36"
::1 - - [Thu, 16 Jun 2016 06:24:55 GMT] "GET /stylesheets/style.css HTTP/1.1" 304 - "http://localhost:3000/" "Mozilla/5.0 (Windows NT 6.1; WOW64) AppleWebKit/537.36 (KHTML, like Gecko) Chrome/51.0.2704.84 Safari/537.36"
::1 - - [Thu, 16 Jun 2016 06:24:55 GMT] "GET /p/5760ef1a4c0cf30023f47aa4 HTTP/1.1" 200 2439 "http://localhost:3000/" "Mozilla/5.0 (Windows NT 6.1; WOW64) AppleWebKit/537.36 (KHTML, like Gecko) Chrome/51.0.2704.84 Safari/537.36"
::1 - - [Thu, 16 Jun 2016 06:24:55 GMT] "GET /stylesheets/style.css HTTP/1.1" 304 - "http://localhost:3000/p/5760ef1a4c0cf30023f47aa4" "Mozilla/5.0 (Windows NT 6.1; WOW64) AppleWebKit/537.36 (KHTML, like Gecko) Chrome/51.0.2704.84 Safari/537.36"
::1 - - [Thu, 16 Jun 2016 06:25:26 GMT] "GET /favicon.ico HTTP/1.1" 200 264 "http://localhost:3000/p/5760ef1a4c0cf30023f47aa4" "Mozilla/5.0 (Windows NT 6.1; WOW64) AppleWebKit/537.36 (KHTML, like Gecko) Chrome/51.0.2704.84 Safari/537.36"
::1 - - [Thu, 16 Jun 2016 08:53:18 GMT] "GET / HTTP/1.1" 200 2024 "-" "Mozilla/5.0 (Windows NT 6.1; WOW64) AppleWebKit/537.36 (KHTML, like Gecko) Chrome/51.0.2704.84 Safari/537.36"
::1 - - [Thu, 16 Jun 2016 08:53:18 GMT] "GET /stylesheets/style.css HTTP/1.1" 304 - "http://localhost:3000/" "Mozilla/5.0 (Windows NT 6.1; WOW64) AppleWebKit/537.36 (KHTML, like Gecko) Chrome/51.0.2704.84 Safari/537.36"
::1 - - [Thu, 16 Jun 2016 08:53:20 GMT] "GET /logout HTTP/1.1" 302 46 "http://localhost:3000/" "Mozilla/5.0 (Windows NT 6.1; WOW64) AppleWebKit/537.36 (KHTML, like Gecko) Chrome/51.0.2704.84 Safari/537.36"
::1 - - [Thu, 16 Jun 2016 08:53:20 GMT] "GET / HTTP/1.1" 200 2025 "http://localhost:3000/" "Mozilla/5.0 (Windows NT 6.1; WOW64) AppleWebKit/537.36 (KHTML, like Gecko) Chrome/51.0.2704.84 Safari/537.36"
::1 - - [Thu, 16 Jun 2016 08:53:20 GMT] "GET /stylesheets/style.css HTTP/1.1" 304 - "http://localhost:3000/" "Mozilla/5.0 (Windows NT 6.1; WOW64) AppleWebKit/537.36 (KHTML, like Gecko) Chrome/51.0.2704.84 Safari/537.36"
::1 - - [Thu, 16 Jun 2016 08:53:21 GMT] "GET /login HTTP/1.1" 200 1015 "http://localhost:3000/" "Mozilla/5.0 (Windows NT 6.1; WOW64) AppleWebKit/537.36 (KHTML, like Gecko) Chrome/51.0.2704.84 Safari/537.36"
::1 - - [Thu, 16 Jun 2016 08:53:21 GMT] "GET /stylesheets/style.css HTTP/1.1" 304 - "http://localhost:3000/login" "Mozilla/5.0 (Windows NT 6.1; WOW64) AppleWebKit/537.36 (KHTML, like Gecko) Chrome/51.0.2704.84 Safari/537.36"
::1 - - [Thu, 16 Jun 2016 08:53:21 GMT] "GET /favicon.ico HTTP/1.1" 304 - "http://localhost:3000/login" "Mozilla/5.0 (Windows NT 6.1; WOW64) AppleWebKit/537.36 (KHTML, like Gecko) Chrome/51.0.2704.84 Safari/537.36"
::1 - - [Thu, 16 Jun 2016 08:53:22 GMT] "POST /login HTTP/1.1" 302 46 "http://localhost:3000/login" "Mozilla/5.0 (Windows NT 6.1; WOW64) AppleWebKit/537.36 (KHTML, like Gecko) Chrome/51.0.2704.84 Safari/537.36"
::1 - - [Thu, 16 Jun 2016 08:53:22 GMT] "GET / HTTP/1.1" 200 2024 "http://localhost:3000/login" "Mozilla/5.0 (Windows NT 6.1; WOW64) AppleWebKit/537.36 (KHTML, like Gecko) Chrome/51.0.2704.84 Safari/537.36"
::1 - - [Thu, 16 Jun 2016 08:53:22 GMT] "GET /stylesheets/style.css HTTP/1.1" 304 - "http://localhost:3000/" "Mozilla/5.0 (Windows NT 6.1; WOW64) AppleWebKit/537.36 (KHTML, like Gecko) Chrome/51.0.2704.84 Safari/537.36"
::1 - - [Thu, 16 Jun 2016 08:53:23 GMT] "GET /logout HTTP/1.1" 302 46 "http://localhost:3000/" "Mozilla/5.0 (Windows NT 6.1; WOW64) AppleWebKit/537.36 (KHTML, like Gecko) Chrome/51.0.2704.84 Safari/537.36"
::1 - - [Thu, 16 Jun 2016 08:53:23 GMT] "GET / HTTP/1.1" 200 2025 "http://localhost:3000/" "Mozilla/5.0 (Windows NT 6.1; WOW64) AppleWebKit/537.36 (KHTML, like Gecko) Chrome/51.0.2704.84 Safari/537.36"
::1 - - [Thu, 16 Jun 2016 08:53:23 GMT] "GET /stylesheets/style.css HTTP/1.1" 304 - "http://localhost:3000/" "Mozilla/5.0 (Windows NT 6.1; WOW64) AppleWebKit/537.36 (KHTML, like Gecko) Chrome/51.0.2704.84 Safari/537.36"
::1 - - [Thu, 16 Jun 2016 08:53:25 GMT] "GET /reg HTTP/1.1" 304 - "http://localhost:3000/" "Mozilla/5.0 (Windows NT 6.1; WOW64) AppleWebKit/537.36 (KHTML, like Gecko) Chrome/51.0.2704.84 Safari/537.36"
::1 - - [Thu, 16 Jun 2016 08:53:25 GMT] "GET /stylesheets/style.css HTTP/1.1" 304 - "http://localhost:3000/reg" "Mozilla/5.0 (Windows NT 6.1; WOW64) AppleWebKit/537.36 (KHTML, like Gecko) Chrome/51.0.2704.84 Safari/537.36"
::1 - - [Thu, 16 Jun 2016 08:53:25 GMT] "GET /favicon.ico HTTP/1.1" 304 - "http://localhost:3000/reg" "Mozilla/5.0 (Windows NT 6.1; WOW64) AppleWebKit/537.36 (KHTML, like Gecko) Chrome/51.0.2704.84 Safari/537.36"
::1 - - [Thu, 16 Jun 2016 08:53:30 GMT] "POST /reg HTTP/1.1" 302 46 "http://localhost:3000/reg" "Mozilla/5.0 (Windows NT 6.1; WOW64) AppleWebKit/537.36 (KHTML, like Gecko) Chrome/51.0.2704.84 Safari/537.36"
::1 - - [Thu, 16 Jun 2016 08:53:30 GMT] "GET / HTTP/1.1" 200 2024 "http://localhost:3000/reg" "Mozilla/5.0 (Windows NT 6.1; WOW64) AppleWebKit/537.36 (KHTML, like Gecko) Chrome/51.0.2704.84 Safari/537.36"
::1 - - [Thu, 16 Jun 2016 08:53:30 GMT] "GET /stylesheets/style.css HTTP/1.1" 304 - "http://localhost:3000/" "Mozilla/5.0 (Windows NT 6.1; WOW64) AppleWebKit/537.36 (KHTML, like Gecko) Chrome/51.0.2704.84 Safari/537.36"
::1 - - [Thu, 16 Jun 2016 08:54:00 GMT] "GET /favicon.ico HTTP/1.1" 304 - "http://localhost:3000/" "Mozilla/5.0 (Windows NT 6.1; WOW64) AppleWebKit/537.36 (KHTML, like Gecko) Chrome/51.0.2704.84 Safari/537.36"
